<?xml version="1.0" encoding="UTF-8"?>
<!-- Generated by org.testng.reporters.JUnitXMLReporter -->
<testsuite ignored="0" hostname="abv" failures="0" tests="5" name="Test" time="70.823" errors="0" timestamp="2021-02-23T21:16:13 CST">
  <testcase classname="assignment.A1_Google" name="launch_google" time="6.794"/>
  <testcase classname="assignment.A2_mFacebook" name="f" time="13.509"/>
  <testcase classname="assignment.A3_Oracle" name="f" time="19.235"/>
  <testcase classname="assignment.A4_Google" name="f" time="8.228"/>
  <testcase classname="assignment.A6_Selenium" name="f" time="7.246"/>
</testsuite> <!-- Test -->
