<?xml version="1.0" encoding="UTF-8"?>
<!-- Generated by org.testng.reporters.JUnitXMLReporter -->
<testsuite ignored="0" hostname="abv" failures="0" tests="5" name="Test2" time="20.176" errors="0" timestamp="2021-02-23T21:29:05 CST">
  <testcase classname="testNG.Feb19App1" name="LoginFacebook" time="6.78"/>
  <testcase classname="testNG.Feb19App1" name="ForgetFacebook" time="6.735"/>
  <testcase classname="testNG.Feb19App2" name="Launch" time="1.162"/>
  <testcase classname="testNG.Feb19App2" name="ForgetFacebook" time="4.929"/>
  <testcase classname="testNG.Feb19App2" name="LoginFacebook" time="0.561"/>
</testsuite> <!-- Test2 -->
