<?xml version="1.0" encoding="UTF-8"?>
<!-- Generated by org.testng.reporters.JUnitXMLReporter -->
<testsuite ignored="0" hostname="abv" failures="0" tests="3" name="Test" time="16.348" errors="0" timestamp="2021-02-23T21:28:45 CST">
  <testcase classname="testNG.Feb19BrowserSelectionCode" name="Launch" time="5.954"/>
  <testcase classname="testNG.Feb19App3" name="ForgetFacebook" time="4.182"/>
  <testcase classname="testNG.Feb19App3" name="LoginFacebook" time="0.596"/>
</testsuite> <!-- Test -->
